[0.850s] Invoking command in '/home/prasad/workspace/src/my_package': PYTHONPATH=/home/prasad/workspace/build/my_package/prefix_override:/usr/lib/python3/dist-packages/colcon_core/task/python/colcon_distutils_commands:/home/prasad/workspace/install/my_package/lib/python3.12/site-packages:${PYTHONPATH} /usr/bin/python3 -W ignore:setup.py install is deprecated -W ignore:easy_install command is deprecated setup.py egg_info --egg-base ../../build/my_package build --build-base /home/prasad/workspace/build/my_package/build install --record /home/prasad/workspace/build/my_package/install.log --install-scripts $base/lib/my_package --single-version-externally-managed install_data
[1.105s] running egg_info
[1.120s] writing ../../build/my_package/my_package.egg-info/PKG-INFO
[1.120s] writing dependency_links to ../../build/my_package/my_package.egg-info/dependency_links.txt
[1.120s] writing entry points to ../../build/my_package/my_package.egg-info/entry_points.txt
[1.121s] writing requirements to ../../build/my_package/my_package.egg-info/requires.txt
[1.121s] writing top-level names to ../../build/my_package/my_package.egg-info/top_level.txt
[1.152s] reading manifest file '../../build/my_package/my_package.egg-info/SOURCES.txt'
[1.152s] adding license file 'LICENSE'
[1.152s] writing manifest file '../../build/my_package/my_package.egg-info/SOURCES.txt'
[1.153s] running build
[1.153s] running build_py
[1.154s] copying my_package/__init__.py -> /home/prasad/workspace/build/my_package/build/lib/my_package
[1.154s] copying my_package/my_node.py -> /home/prasad/workspace/build/my_package/build/lib/my_package
[1.154s] running install
[1.160s] running install_lib
[1.176s] copying /home/prasad/workspace/build/my_package/build/lib/my_package/__init__.py -> /home/prasad/workspace/install/my_package/lib/python3.12/site-packages/my_package
[1.176s] copying /home/prasad/workspace/build/my_package/build/lib/my_package/my_node.py -> /home/prasad/workspace/install/my_package/lib/python3.12/site-packages/my_package
[1.177s] byte-compiling /home/prasad/workspace/install/my_package/lib/python3.12/site-packages/my_package/__init__.py to __init__.cpython-312.pyc
[1.177s] byte-compiling /home/prasad/workspace/install/my_package/lib/python3.12/site-packages/my_package/my_node.py to my_node.cpython-312.pyc
[1.178s] running install_data
[1.178s] copying resource/my_package -> /home/prasad/workspace/install/my_package/share/ament_index/resource_index/packages
[1.178s] copying package.xml -> /home/prasad/workspace/install/my_package/share/my_package
[1.178s] running install_egg_info
[1.195s] removing '/home/prasad/workspace/install/my_package/lib/python3.12/site-packages/my_package-0.0.0-py3.12.egg-info' (and everything under it)
[1.195s] Copying ../../build/my_package/my_package.egg-info to /home/prasad/workspace/install/my_package/lib/python3.12/site-packages/my_package-0.0.0-py3.12.egg-info
[1.196s] running install_scripts
[1.309s] Installing my_node script to /home/prasad/workspace/install/my_package/lib/my_package
[1.310s] writing list of installed files to '/home/prasad/workspace/build/my_package/install.log'
[1.344s] Invoked command in '/home/prasad/workspace/src/my_package' returned '0': PYTHONPATH=/home/prasad/workspace/build/my_package/prefix_override:/usr/lib/python3/dist-packages/colcon_core/task/python/colcon_distutils_commands:/home/prasad/workspace/install/my_package/lib/python3.12/site-packages:${PYTHONPATH} /usr/bin/python3 -W ignore:setup.py install is deprecated -W ignore:easy_install command is deprecated setup.py egg_info --egg-base ../../build/my_package build --build-base /home/prasad/workspace/build/my_package/build install --record /home/prasad/workspace/build/my_package/install.log --install-scripts $base/lib/my_package --single-version-externally-managed install_data
