[2.662s] Invoking command in '/home/prasad/workspace/src/my_package': PYTHONPATH=/home/prasad/workspace/build/my_package/prefix_override:/usr/lib/python3/dist-packages/colcon_core/task/python/colcon_distutils_commands:/home/prasad/workspace/install/my_package/lib/python3.12/site-packages:${PYTHONPATH} /usr/bin/python3 -W ignore:setup.py install is deprecated -W ignore:easy_install command is deprecated setup.py egg_info --egg-base ../../build/my_package build --build-base /home/prasad/workspace/build/my_package/build install --record /home/prasad/workspace/build/my_package/install.log --install-scripts $base/lib/my_package --single-version-externally-managed install_data
[2.917s] running egg_info
[2.933s] writing ../../build/my_package/my_package.egg-info/PKG-INFO
[2.933s] writing dependency_links to ../../build/my_package/my_package.egg-info/dependency_links.txt
[2.934s] writing entry points to ../../build/my_package/my_package.egg-info/entry_points.txt
[2.934s] writing requirements to ../../build/my_package/my_package.egg-info/requires.txt
[2.934s] writing top-level names to ../../build/my_package/my_package.egg-info/top_level.txt
[2.968s] reading manifest file '../../build/my_package/my_package.egg-info/SOURCES.txt'
[2.971s] adding license file 'LICENSE'
[2.972s] writing manifest file '../../build/my_package/my_package.egg-info/SOURCES.txt'
[2.972s] running build
[2.972s] running build_py
[2.972s] running install
[2.979s] running install_lib
[2.996s] running install_data
[2.997s] running install_egg_info
[3.014s] removing '/home/prasad/workspace/install/my_package/lib/python3.12/site-packages/my_package-0.0.0-py3.12.egg-info' (and everything under it)
[3.014s] Copying ../../build/my_package/my_package.egg-info to /home/prasad/workspace/install/my_package/lib/python3.12/site-packages/my_package-0.0.0-py3.12.egg-info
[3.016s] running install_scripts
[3.133s] Installing my_node script to /home/prasad/workspace/install/my_package/lib/my_package
[3.133s] writing list of installed files to '/home/prasad/workspace/build/my_package/install.log'
[3.168s] Invoked command in '/home/prasad/workspace/src/my_package' returned '0': PYTHONPATH=/home/prasad/workspace/build/my_package/prefix_override:/usr/lib/python3/dist-packages/colcon_core/task/python/colcon_distutils_commands:/home/prasad/workspace/install/my_package/lib/python3.12/site-packages:${PYTHONPATH} /usr/bin/python3 -W ignore:setup.py install is deprecated -W ignore:easy_install command is deprecated setup.py egg_info --egg-base ../../build/my_package build --build-base /home/prasad/workspace/build/my_package/build install --record /home/prasad/workspace/build/my_package/install.log --install-scripts $base/lib/my_package --single-version-externally-managed install_data
