[1.948s] Invoking command in '/home/prasad/workspace/src/my_package': PYTHONPATH=/home/prasad/workspace/build/my_package/prefix_override:/usr/lib/python3/dist-packages/colcon_core/task/python/colcon_distutils_commands:/home/prasad/workspace/install/my_package/lib/python3.12/site-packages:${PYTHONPATH} /usr/bin/python3 -W ignore:setup.py install is deprecated -W ignore:easy_install command is deprecated setup.py egg_info --egg-base ../../build/my_package build --build-base /home/prasad/workspace/build/my_package/build install --record /home/prasad/workspace/build/my_package/install.log --install-scripts $base/lib/my_package --single-version-externally-managed install_data
[2.223s] running egg_info
[2.241s] writing ../../build/my_package/my_package.egg-info/PKG-INFO
[2.241s] writing dependency_links to ../../build/my_package/my_package.egg-info/dependency_links.txt
[2.241s] writing entry points to ../../build/my_package/my_package.egg-info/entry_points.txt
[2.242s] writing requirements to ../../build/my_package/my_package.egg-info/requires.txt
[2.242s] writing top-level names to ../../build/my_package/my_package.egg-info/top_level.txt
[2.277s] reading manifest file '../../build/my_package/my_package.egg-info/SOURCES.txt'
[2.279s] adding license file 'LICENSE'
[2.279s] writing manifest file '../../build/my_package/my_package.egg-info/SOURCES.txt'
[2.280s] running build
[2.280s] running build_py
[2.280s] copying my_package/my_node.py -> /home/prasad/workspace/build/my_package/build/lib/my_package
[2.281s] running install
[2.289s] running install_lib
[2.308s] copying /home/prasad/workspace/build/my_package/build/lib/my_package/my_node.py -> /home/prasad/workspace/install/my_package/lib/python3.12/site-packages/my_package
[2.309s] byte-compiling /home/prasad/workspace/install/my_package/lib/python3.12/site-packages/my_package/my_node.py to my_node.cpython-312.pyc
[2.311s] running install_data
[2.311s] running install_egg_info
[2.332s] removing '/home/prasad/workspace/install/my_package/lib/python3.12/site-packages/my_package-0.0.0-py3.12.egg-info' (and everything under it)
[2.333s] Copying ../../build/my_package/my_package.egg-info to /home/prasad/workspace/install/my_package/lib/python3.12/site-packages/my_package-0.0.0-py3.12.egg-info
[2.335s] running install_scripts
[2.471s] Installing my_node script to /home/prasad/workspace/install/my_package/lib/my_package
[2.472s] writing list of installed files to '/home/prasad/workspace/build/my_package/install.log'
[2.506s] Invoked command in '/home/prasad/workspace/src/my_package' returned '0': PYTHONPATH=/home/prasad/workspace/build/my_package/prefix_override:/usr/lib/python3/dist-packages/colcon_core/task/python/colcon_distutils_commands:/home/prasad/workspace/install/my_package/lib/python3.12/site-packages:${PYTHONPATH} /usr/bin/python3 -W ignore:setup.py install is deprecated -W ignore:easy_install command is deprecated setup.py egg_info --egg-base ../../build/my_package build --build-base /home/prasad/workspace/build/my_package/build install --record /home/prasad/workspace/build/my_package/install.log --install-scripts $base/lib/my_package --single-version-externally-managed install_data
