[2.111s] Invoking command in '/home/prasad/workspace/src/my_package': PYTHONPATH=/home/prasad/workspace/build/my_package/prefix_override:/usr/lib/python3/dist-packages/colcon_core/task/python/colcon_distutils_commands:/home/prasad/workspace/install/my_package/lib/python3.12/site-packages:${PYTHONPATH} /usr/bin/python3 -W ignore:setup.py install is deprecated -W ignore:easy_install command is deprecated setup.py egg_info --egg-base ../../build/my_package build --build-base /home/prasad/workspace/build/my_package/build install --record /home/prasad/workspace/build/my_package/install.log --install-scripts $base/lib/my_package --single-version-externally-managed install_data
[2.386s] running egg_info
[2.386s] creating ../../build/my_package/my_package.egg-info
[2.402s] writing ../../build/my_package/my_package.egg-info/PKG-INFO
[2.402s] writing dependency_links to ../../build/my_package/my_package.egg-info/dependency_links.txt
[2.402s] writing requirements to ../../build/my_package/my_package.egg-info/requires.txt
[2.403s] writing top-level names to ../../build/my_package/my_package.egg-info/top_level.txt
[2.403s] writing manifest file '../../build/my_package/my_package.egg-info/SOURCES.txt'
[2.434s] reading manifest file '../../build/my_package/my_package.egg-info/SOURCES.txt'
[2.435s] adding license file 'LICENSE'
[2.435s] writing manifest file '../../build/my_package/my_package.egg-info/SOURCES.txt'
[2.436s] running build
[2.436s] running build_py
[2.436s] creating /home/prasad/workspace/build/my_package/build
[2.436s] creating /home/prasad/workspace/build/my_package/build/lib
[2.436s] creating /home/prasad/workspace/build/my_package/build/lib/my_package
[2.437s] copying my_package/__init__.py -> /home/prasad/workspace/build/my_package/build/lib/my_package
[2.437s] running install
[2.443s] running install_lib
[2.461s] creating /home/prasad/workspace/install/my_package/lib/python3.12/site-packages/my_package
[2.461s] copying /home/prasad/workspace/build/my_package/build/lib/my_package/__init__.py -> /home/prasad/workspace/install/my_package/lib/python3.12/site-packages/my_package
[2.462s] byte-compiling /home/prasad/workspace/install/my_package/lib/python3.12/site-packages/my_package/__init__.py to __init__.cpython-312.pyc
[2.463s] running install_data
[2.463s] creating /home/prasad/workspace/install/my_package/share/ament_index
[2.463s] creating /home/prasad/workspace/install/my_package/share/ament_index/resource_index
[2.463s] creating /home/prasad/workspace/install/my_package/share/ament_index/resource_index/packages
[2.464s] copying resource/my_package -> /home/prasad/workspace/install/my_package/share/ament_index/resource_index/packages
[2.464s] copying package.xml -> /home/prasad/workspace/install/my_package/share/my_package
[2.464s] running install_egg_info
[2.491s] Copying ../../build/my_package/my_package.egg-info to /home/prasad/workspace/install/my_package/lib/python3.12/site-packages/my_package-0.0.0-py3.12.egg-info
[2.493s] running install_scripts
[2.614s] writing list of installed files to '/home/prasad/workspace/build/my_package/install.log'
[2.645s] Invoked command in '/home/prasad/workspace/src/my_package' returned '0': PYTHONPATH=/home/prasad/workspace/build/my_package/prefix_override:/usr/lib/python3/dist-packages/colcon_core/task/python/colcon_distutils_commands:/home/prasad/workspace/install/my_package/lib/python3.12/site-packages:${PYTHONPATH} /usr/bin/python3 -W ignore:setup.py install is deprecated -W ignore:easy_install command is deprecated setup.py egg_info --egg-base ../../build/my_package build --build-base /home/prasad/workspace/build/my_package/build install --record /home/prasad/workspace/build/my_package/install.log --install-scripts $base/lib/my_package --single-version-externally-managed install_data
