[0.758s] Invoking command in '/home/prasad/workspace/src/first_package': PYTHONPATH=/home/prasad/workspace/build/first_package/prefix_override:/usr/lib/python3/dist-packages/colcon_core/task/python/colcon_distutils_commands:/home/prasad/workspace/install/first_package/lib/python3.12/site-packages:${PYTHONPATH} /usr/bin/python3 -W ignore:setup.py install is deprecated -W ignore:easy_install command is deprecated setup.py egg_info --egg-base ../../build/first_package build --build-base /home/prasad/workspace/build/first_package/build install --record /home/prasad/workspace/build/first_package/install.log --install-scripts $base/lib/first_package --single-version-externally-managed install_data
[0.973s] running egg_info
[0.973s] creating ../../build/first_package/first_package.egg-info
[0.987s] writing ../../build/first_package/first_package.egg-info/PKG-INFO
[0.989s] writing dependency_links to ../../build/first_package/first_package.egg-info/dependency_links.txt
[0.989s] writing entry points to ../../build/first_package/first_package.egg-info/entry_points.txt
[0.989s] writing requirements to ../../build/first_package/first_package.egg-info/requires.txt
[0.989s] writing top-level names to ../../build/first_package/first_package.egg-info/top_level.txt
[0.989s] writing manifest file '../../build/first_package/first_package.egg-info/SOURCES.txt'
[1.023s] reading manifest file '../../build/first_package/first_package.egg-info/SOURCES.txt'
[1.025s] writing manifest file '../../build/first_package/first_package.egg-info/SOURCES.txt'
[1.026s] running build
[1.026s] running build_py
[1.026s] creating /home/prasad/workspace/build/first_package/build
[1.026s] creating /home/prasad/workspace/build/first_package/build/lib
[1.027s] creating /home/prasad/workspace/build/first_package/build/lib/first_package
[1.027s] copying first_package/__init__.py -> /home/prasad/workspace/build/first_package/build/lib/first_package
[1.028s] copying first_package/publisher.py -> /home/prasad/workspace/build/first_package/build/lib/first_package
[1.030s] copying first_package/subscriber.py -> /home/prasad/workspace/build/first_package/build/lib/first_package
[1.031s] running install
[1.046s] running install_lib
[1.071s] creating /home/prasad/workspace/install/first_package/lib/python3.12/site-packages/first_package
[1.071s] copying /home/prasad/workspace/build/first_package/build/lib/first_package/__init__.py -> /home/prasad/workspace/install/first_package/lib/python3.12/site-packages/first_package
[1.071s] copying /home/prasad/workspace/build/first_package/build/lib/first_package/publisher.py -> /home/prasad/workspace/install/first_package/lib/python3.12/site-packages/first_package
[1.071s] copying /home/prasad/workspace/build/first_package/build/lib/first_package/subscriber.py -> /home/prasad/workspace/install/first_package/lib/python3.12/site-packages/first_package
[1.072s] byte-compiling /home/prasad/workspace/install/first_package/lib/python3.12/site-packages/first_package/__init__.py to __init__.cpython-312.pyc
[1.073s] byte-compiling /home/prasad/workspace/install/first_package/lib/python3.12/site-packages/first_package/publisher.py to publisher.cpython-312.pyc
[1.073s] byte-compiling /home/prasad/workspace/install/first_package/lib/python3.12/site-packages/first_package/subscriber.py to subscriber.cpython-312.pyc
[1.074s] Sorry: IndentationError: expected an indented block after function definition on line 6 (subscriber.py, line 7)
[1.074s] running install_data
[1.074s] creating /home/prasad/workspace/install/first_package/share/ament_index
[1.074s] creating /home/prasad/workspace/install/first_package/share/ament_index/resource_index
[1.074s] creating /home/prasad/workspace/install/first_package/share/ament_index/resource_index/packages
[1.074s] copying resource/first_package -> /home/prasad/workspace/install/first_package/share/ament_index/resource_index/packages
[1.075s] copying package.xml -> /home/prasad/workspace/install/first_package/share/first_package
[1.075s] running install_egg_info
[1.091s] Copying ../../build/first_package/first_package.egg-info to /home/prasad/workspace/install/first_package/lib/python3.12/site-packages/first_package-0.0.0-py3.12.egg-info
[1.092s] running install_scripts
[1.191s] Installing listener script to /home/prasad/workspace/install/first_package/lib/first_package
[1.191s] Installing talker script to /home/prasad/workspace/install/first_package/lib/first_package
[1.191s] writing list of installed files to '/home/prasad/workspace/build/first_package/install.log'
[1.219s] Invoked command in '/home/prasad/workspace/src/first_package' returned '0': PYTHONPATH=/home/prasad/workspace/build/first_package/prefix_override:/usr/lib/python3/dist-packages/colcon_core/task/python/colcon_distutils_commands:/home/prasad/workspace/install/first_package/lib/python3.12/site-packages:${PYTHONPATH} /usr/bin/python3 -W ignore:setup.py install is deprecated -W ignore:easy_install command is deprecated setup.py egg_info --egg-base ../../build/first_package build --build-base /home/prasad/workspace/build/first_package/build install --record /home/prasad/workspace/build/first_package/install.log --install-scripts $base/lib/first_package --single-version-externally-managed install_data
